[debug] [2025-10-05T18:22:15.346Z] ----------------------------------------------------------------------
[debug] [2025-10-05T18:22:15.363Z] Command:       C:\Program Files\nodejs\node.exe C:\Users\alehw\AppData\Roaming\npm\node_modules\firebase-tools\lib\bin\firebase.js init
[debug] [2025-10-05T18:22:15.364Z] CLI Version:   14.16.0
[debug] [2025-10-05T18:22:15.364Z] Platform:      win32
[debug] [2025-10-05T18:22:15.365Z] Node Version:  v22.14.0
[debug] [2025-10-05T18:22:15.366Z] Time:          Sun Oct 05 2025 20:22:15 GMT+0200 (hora de verano de Europa central)
[debug] [2025-10-05T18:22:15.366Z] ----------------------------------------------------------------------
[debug] 
[debug] [2025-10-05T18:22:15.381Z] > command requires scopes: ["email","openid","https://www.googleapis.com/auth/cloudplatformprojects.readonly","https://www.googleapis.com/auth/firebase","https://www.googleapis.com/auth/cloud-platform"]
[debug] [2025-10-05T18:22:15.382Z] > authorizing via signed-in user (startandconnect@gmail.com)
[info] 
     ######## #### ########  ######## ########     ###     ######  ########
     ##        ##  ##     ## ##       ##     ##  ##   ##  ##       ##
     ######    ##  ########  ######   ########  #########  ######  ######
     ##        ##  ##    ##  ##       ##     ## ##     ##       ## ##
     ##       #### ##     ## ######## ########  ##     ##  ######  ########

You're about to initialize a Firebase project in this directory:

  C:\Users\alehw\Desktop\Workspace\Nueva carpeta\nodejs-firebase-example

[info] 
=== Project Setup
[info] 
[info] First, let's associate this project directory with a Firebase project.
[info] You can create multiple project aliases by running firebase use --add, 
[info] but for now we'll just set up a default project.
[info] 
[debug] [2025-10-05T19:05:58.967Z] Using project from CLI flag: startandconnect-c44b2
[debug] [2025-10-05T19:05:59.007Z] Checked if tokens are valid: false, expires at: 1759689931115
[debug] [2025-10-05T19:05:59.007Z] Checked if tokens are valid: false, expires at: 1759689931115
[debug] [2025-10-05T19:05:59.008Z] > refreshing access token with scopes: []
[debug] [2025-10-05T19:05:59.013Z] >>> [apiv2][query] POST https://www.googleapis.com/oauth2/v3/token [none]
[debug] [2025-10-05T19:05:59.014Z] >>> [apiv2][body] POST https://www.googleapis.com/oauth2/v3/token [omitted]
[debug] [2025-10-05T19:05:59.341Z] <<< [apiv2][status] POST https://www.googleapis.com/oauth2/v3/token 200
[debug] [2025-10-05T19:05:59.341Z] <<< [apiv2][body] POST https://www.googleapis.com/oauth2/v3/token [omitted]
[debug] [2025-10-05T19:05:59.359Z] >>> [apiv2][query] GET https://firebase.googleapis.com/v1beta1/projects/startandconnect-c44b2 [none]
[debug] [2025-10-05T19:05:59.669Z] <<< [apiv2][status] GET https://firebase.googleapis.com/v1beta1/projects/startandconnect-c44b2 200
[debug] [2025-10-05T19:05:59.670Z] <<< [apiv2][body] GET https://firebase.googleapis.com/v1beta1/projects/startandconnect-c44b2 {"projectId":"startandconnect-c44b2","projectNumber":"752455978145","displayName":"StartAndConnect","name":"projects/startandconnect-c44b2","resources":{"hostingSite":"startandconnect-c44b2"},"state":"ACTIVE","etag":"1_20c5cbdd-82cb-4c55-8ecf-ba850dadd1ee"}
[info] i  Using project startandconnect-c44b2 (StartAndConnect) 
[info] 
=== Dataconnect Setup
[debug] [2025-10-05T19:05:59.822Z] Checked if tokens are valid: true, expires at: 1759694758342
[debug] [2025-10-05T19:05:59.822Z] Checked if tokens are valid: true, expires at: 1759694758342
[debug] [2025-10-05T19:05:59.823Z] >>> [apiv2][query] GET https://cloudbilling.googleapis.com/v1/projects/startandconnect-c44b2/billingInfo [none]
[debug] [2025-10-05T19:06:00.716Z] <<< [apiv2][status] GET https://cloudbilling.googleapis.com/v1/projects/startandconnect-c44b2/billingInfo 200
[debug] [2025-10-05T19:06:00.717Z] <<< [apiv2][body] GET https://cloudbilling.googleapis.com/v1/projects/startandconnect-c44b2/billingInfo {"name":"projects/startandconnect-c44b2/billingInfo","projectId":"startandconnect-c44b2","billingAccountName":"billingAccounts/0157B2-ABD7AD-A7CC2A","billingEnabled":true}
[info] i  dataconnect: ensuring required API firebasedataconnect.googleapis.com is enabled... 
[info] i  dataconnect: ensuring required API sqladmin.googleapis.com is enabled... 
[debug] [2025-10-05T19:06:00.723Z] Checked if tokens are valid: true, expires at: 1759694758342
[debug] [2025-10-05T19:06:00.723Z] Checked if tokens are valid: true, expires at: 1759694758342
[debug] [2025-10-05T19:06:00.723Z] >>> [apiv2][query] GET https://firebasedataconnect.googleapis.com/v1/projects/startandconnect-c44b2/locations/-/services [none]
[debug] [2025-10-05T19:06:01.768Z] <<< [apiv2][status] GET https://firebasedataconnect.googleapis.com/v1/projects/startandconnect-c44b2/locations/-/services 200
[debug] [2025-10-05T19:06:01.768Z] <<< [apiv2][body] GET https://firebasedataconnect.googleapis.com/v1/projects/startandconnect-c44b2/locations/-/services {}
[debug] [2025-10-05T19:06:04.159Z] Checked if tokens are valid: true, expires at: 1759694758342
[debug] [2025-10-05T19:06:04.159Z] Checked if tokens are valid: true, expires at: 1759694758342
[debug] [2025-10-05T19:06:04.160Z] >>> [apiv2][query] GET https://sqladmin.googleapis.com/v1/projects/startandconnect-c44b2/instances [none]
[debug] [2025-10-05T19:06:04.401Z] <<< [apiv2][status] GET https://sqladmin.googleapis.com/v1/projects/startandconnect-c44b2/instances 200
[debug] [2025-10-05T19:06:04.402Z] <<< [apiv2][body] GET https://sqladmin.googleapis.com/v1/projects/startandconnect-c44b2/instances {"items":[{"kind":"sql#instance","state":"RUNNABLE","databaseVersion":"POSTGRES_15","settings":{"authorizedGaeApplications":[],"tier":"db-f1-micro","kind":"sql#settings","userLabels":{"firebase-data-connect":"ft"},"availabilityType":"ZONAL","pricingPlan":"PER_USE","replicationType":"SYNCHRONOUS","activationPolicy":"ALWAYS","ipConfiguration":{"authorizedNetworks":[],"sslMode":"ALLOW_UNENCRYPTED_AND_ENCRYPTED","ipv4Enabled":true,"requireSsl":false,"serverCaMode":"GOOGLE_MANAGED_INTERNAL_CA"},"locationPreference":{"zone":"europe-west3-c","kind":"sql#locationPreference"},"databaseFlags":[{"name":"cloudsql.iam_authentication","value":"on"}],"dataDiskType":"PD_SSD","backupConfiguration":{"startTime":"00:00","kind":"sql#backupConfiguration","backupRetentionSettings":{"retentionUnit":"COUNT","retainedBackups":7},"enabled":false,"transactionLogRetentionDays":7,"transactionalLogStorageState":"TRANSACTIONAL_LOG_STORAGE_STATE_UNSPECIFIED","backupTier":"STANDARD"},"insightsConfig":{"queryInsightsEnabled":true,"queryStringLength":1024,"queryPlansPerMinute":5},"edition":"ENTERPRISE","connectorEnforcement":"NOT_REQUIRED","settingsVersion":"28","storageAutoResizeLimit":"0","storageAutoResize":false,"dataDiskSizeGb":"10","deletionProtectionEnabled":false,"replicationLagMaxSeconds":31536000,"enableGoogleMlIntegration":false},"etag":"e43a8766c7cc50b707a65a97dd1d9dcccd06ebf65c817c6ee2286477e102bdf3","ipAddresses":[{"type":"PRIMARY","ipAddress":"34.141.125.94"},{"type":"OUTGOING","ipAddress":"34.159.69.11"}],"serverCaCert":{"kind":"sql#sslCert","certSerialNumber":"0","cert":"-----BEGIN CERTIFICATE-----\nMIIDfzCCAmegAwIBAgIBADANBgkqhkiG9w0BAQsFADB3MS0wKwYDVQQuEyRlOTk3\nMjQxYy0wNGQ3LTRhNzQtYTRiNS1lMDNlM2NjYzk1OTIxIzAhBgNVBAMTGkdvb2ds\nZSBDbG91ZCBTUUwgU2VydmVyIENBMRQwEgYDVQQKEwtHb29nbGUsIEluYzELMAkG\nA1UEBhMCVVMwHhcNMjUwOTExMTUyMzEyWhcNMzUwOTA5MTUyNDEyWjB3MS0wKwYD\nVQQuEyRlOTk3MjQxYy0wNGQ3LTRhNzQtYTRiNS1lMDNlM2NjYzk1OTIxIzAhBgNV\nBAMTGkdvb2dsZSBDbG91ZCBTUUwgU2VydmVyIENBMRQwEgYDVQQKEwtHb29nbGUs\nIEluYzELMAkGA1UEBhMCVVMwggEiMA0GCSqGSIb3DQEBAQUAA4IBDwAwggEKAoIB\nAQCfaD/J1q2ZbVKBJkVr5OORBpBg9zTb04QVOJtNnMOEFD8tBuhhHyR6IFeBsbeY\nad5meLHl1nnHF6N8QwyzUgskGwIOAdVTnU8VuVB+Wkbo5oLYRWYEjyKgTZAjPI9Q\nigAattKA5aTfSGti+b2cBZj6PVIHBJ+PU7pM5//B00PcS1RHQOz7bwkXpTYaeOmp\nhINHL8/Vp/TiskWyCFPbMfMJgCSh2I2D32AOd+A0GMTyH9CT+4fWeJrFto8auwiI\nsiV7Ew8pV3zwMv1e/CAnUMAd/qFn40gnVj+N61jrenB0yyElnQ0CBI5W9lIVV65o\nC8C5TXHpmnuxIGmjzN7M8w0PAgMBAAGjFjAUMBIGA1UdEwEB/wQIMAYBAf8CAQAw\nDQYJKoZIhvcNAQELBQADggEBAFLLZlw416kW3ZN+5qXsOXtH5IVYz9yf9+Kn1wgK\nN1WyPPLR5Qijxmaiyfnv/pfOqY9F8S7C0Fjz9KJ2C8eNKggr+0ZeGVjFUao0Pb1X\nXDavLSjtvuWExeGI3ThfF+41IxdU255jlTatH9/iO/3ZkzLEjVYNbaxtUXeAWnBI\nElkmyooaCVNpZCVnBH3J9u3RDhmVkQqzf1PUCDihsyHxmCvcdEpJ3IbnzPXSWixP\nvX4Y/UOAXV+LDeLpLKkg1KSXLC04ifUPNtP/8USy5IfrZJNDarbqqMHapPxAbiD+\nNr6PyoB1T8EABT+nRxmXuewduIZUnC/iSFbOdWAFXtOHKD0=\n-----END CERTIFICATE-----","commonName":"C=US,O=Google\\, Inc,CN=Google Cloud SQL Server CA,dnQualifier=e997241c-04d7-4a74-a4b5-e03e3ccc9592","sha1Fingerprint":"47094dffc06613b627099feb422e159265a56c45","instance":"nodejs-firebase-example-fdc","createTime":"2025-09-11T15:23:12.881Z","expirationTime":"2035-09-09T15:24:12.881Z"},"instanceType":"CLOUD_SQL_INSTANCE","project":"startandconnect-c44b2","serviceAccountEmailAddress":"p752455978145-34g4se@gcp-sa-cloud-sql.iam.gserviceaccount.com","backendType":"SECOND_GEN","selfLink":"https://sqladmin.googleapis.com/v1/projects/startandconnect-c44b2/instances/nodejs-firebase-example-fdc","connectionName":"startandconnect-c44b2:europe-west3:nodejs-firebase-example-fdc","name":"nodejs-firebase-example-fdc","region":"europe-west3","gceZone":"europe-west3-c","databaseInstalledVersion":"POSTGRES_15_14","availableMaintenanceVersions":["POSTGRES_15_14.R20250727.00_26"],"maintenanceVersion":"POSTGRES_15_14.R20250727.00_23","createTime":"2025-09-11T15:22:34.556Z","sqlNetworkArchitecture":"NEW_NETWORK_ARCHITECTURE","satisfiesPzi":true,"includeReplicasForMajorVersionUpgrade":false}]}
[debug] [2025-10-05T19:06:04.403Z] Checked if tokens are valid: true, expires at: 1759694758342
[debug] [2025-10-05T19:06:04.404Z] Checked if tokens are valid: true, expires at: 1759694758342
[debug] [2025-10-05T19:06:04.405Z] >>> [apiv2][query] GET https://monitoring.googleapis.com/v3/projects/startandconnect-c44b2/timeSeries/ filter=metric.type%3D%22serviceruntime.googleapis.com%2Fquota%2Fallocation%2Fusage%22+AND+metric.label.quota_metric+%3D+%22sqladmin.googleapis.com%2Ffdc_lifetime_free_trial_per_project%22&interval.endTime=2025-10-05T19%3A06%3A04.403Z&interval.startTime=2025-09-28T19%3A06%3A04.403Z
[debug] [2025-10-05T19:06:05.165Z] <<< [apiv2][status] GET https://monitoring.googleapis.com/v3/projects/startandconnect-c44b2/timeSeries/ 200
[debug] [2025-10-05T19:06:05.165Z] <<< [apiv2][body] GET https://monitoring.googleapis.com/v3/projects/startandconnect-c44b2/timeSeries/ {"timeSeries":[{"metric":{"labels":{"quota_metric":"sqladmin.googleapis.com/fdc_lifetime_free_trial_per_project"},"type":"serviceruntime.googleapis.com/quota/allocation/usage"},"resource":{"type":"consumer_quota","labels":{"project_id":"startandconnect-c44b2","location":"global","service":"sqladmin.googleapis.com"}},"metricKind":"GAUGE","valueType":"INT64","points":[{"interval":{"startTime":"2025-10-05T12:52:44Z","endTime":"2025-10-05T12:52:44Z"},"value":{"int64Value":"1"}},{"interval":{"startTime":"2025-10-05T00:50:56Z","endTime":"2025-10-05T00:50:56Z"},"value":{"int64Value":"1"}},{"interval":{"startTime":"2025-10-04T00:49:09Z","endTime":"2025-10-04T00:49:09Z"},"value":{"int64Value":"1"}},{"interval":{"startTime":"2025-10-03T15:00:48Z","endTime":"2025-10-03T15:00:48Z"},"value":{"int64Value":"1"}},{"interval":{"startTime":"2025-10-03T03:49:34Z","endTime":"2025-10-03T03:49:34Z"},"value":{"int64Value":"1"}},{"interval":{"startTime":"2025-10-02T14:47:21Z","endTime":"2025-10-02T14:47:21Z"},"value":{"int64Value":"1"}},{"interval":{"startTime":"2025-10-02T00:52:25Z","endTime":"2025-10-02T00:52:25Z"},"value":{"int64Value":"1"}},{"interval":{"startTime":"2025-10-01T04:59:00Z","endTime":"2025-10-01T04:59:00Z"},"value":{"int64Value":"1"}},{"interval":{"startTime":"2025-09-30T14:48:49Z","endTime":"2025-09-30T14:48:49Z"},"value":{"int64Value":"1"}},{"interval":{"startTime":"2025-09-30T00:58:40Z","endTime":"2025-09-30T00:58:40Z"},"value":{"int64Value":"1"}},{"interval":{"startTime":"2025-09-29T14:44:21Z","endTime":"2025-09-29T14:44:21Z"},"value":{"int64Value":"1"}},{"interval":{"startTime":"2025-09-29T00:52:48Z","endTime":"2025-09-29T00:52:48Z"},"value":{"int64Value":"1"}}]}],"unit":"1"}
[warn] !  dataconnect: CloudSQL no cost trial has already been used on this project. 
[debug] [2025-10-05T19:06:07.533Z] Checked if tokens are valid: true, expires at: 1759694758342
[debug] [2025-10-05T19:06:07.534Z] Checked if tokens are valid: true, expires at: 1759694758342
[debug] [2025-10-05T19:06:07.534Z] >>> [apiv2][query] GET https://sqladmin.googleapis.com/v1/projects/startandconnect-c44b2/instances/nodejs-firebase-example-fdc/databases [none]
[debug] [2025-10-05T19:06:07.794Z] <<< [apiv2][status] GET https://sqladmin.googleapis.com/v1/projects/startandconnect-c44b2/instances/nodejs-firebase-example-fdc/databases 200
[debug] [2025-10-05T19:06:07.794Z] <<< [apiv2][body] GET https://sqladmin.googleapis.com/v1/projects/startandconnect-c44b2/instances/nodejs-firebase-example-fdc/databases {"kind":"sql#databasesList","items":[{"kind":"sql#database","charset":"UTF8","collation":"en_US.UTF8","etag":"541cbacab3ae6b840dc52971553786da6026d2543298b634c6f9ed3fc2d4e8ad","name":"postgres","instance":"nodejs-firebase-example-fdc","selfLink":"https://sqladmin.googleapis.com/v1/projects/startandconnect-c44b2/instances/nodejs-firebase-example-fdc/databases/postgres","project":"startandconnect-c44b2"}]}
[info] +  dataconnect: Detected existing apps . (web), functions (web) 
[debug] [2025-10-05T19:06:09.304Z] Checked if tokens are valid: true, expires at: 1759694758342
[debug] [2025-10-05T19:06:09.304Z] Checked if tokens are valid: true, expires at: 1759694758342
[debug] [2025-10-05T19:06:09.305Z] >>> [apiv2][query] GET https://firebasedataconnect.googleapis.com/v1/projects/startandconnect-c44b2/locations/europe-west3/services/nodejs-firebase-example/schemas/main [none]
[debug] [2025-10-05T19:06:09.628Z] <<< [apiv2][status] GET https://firebasedataconnect.googleapis.com/v1/projects/startandconnect-c44b2/locations/europe-west3/services/nodejs-firebase-example/schemas/main 404
[debug] [2025-10-05T19:06:09.629Z] <<< [apiv2][body] GET https://firebasedataconnect.googleapis.com/v1/projects/startandconnect-c44b2/locations/europe-west3/services/nodejs-firebase-example/schemas/main {"error":{"code":404,"message":"Resource 'projects/startandconnect-c44b2/locations/europe-west3/services/nodejs-firebase-example/schemas/main' was not found","status":"NOT_FOUND","details":[{"@type":"type.googleapis.com/google.rpc.ResourceInfo","resourceName":"projects/startandconnect-c44b2/locations/europe-west3/services/nodejs-firebase-example/schemas/main"}]}}
[info] i  dataconnect\dataconnect.yaml is unchanged 
[info] i  dataconnect\schema\schema.gql is unchanged 
[info] i  Skipping write of dataconnect\example\connector.yaml 
[info] i  dataconnect\example\queries.gql is unchanged 
[info] i  dataconnect\example\mutations.gql is unchanged 
[info] +  Wrote dataconnect\example\connector.yaml 
[info] i  dataconnect: Installing the generated SDKs ... 
[debug] [2025-10-05T19:06:13.378Z] defaultcredentials: writing to file C:\Users\alehw\AppData\Roaming\firebase\startandconnect_gmail_com_application_default_credentials.json
[info] +  dataconnect: Installed generated SDKs for . (web) 
[info] 
=== Firestore Setup
[info] i  firestore: ensuring required API firestore.googleapis.com is enabled... 
[debug] [2025-10-05T19:06:13.869Z] Checked if tokens are valid: true, expires at: 1759694758342
[debug] [2025-10-05T19:06:13.869Z] Checked if tokens are valid: true, expires at: 1759694758342
[debug] [2025-10-05T19:06:13.869Z] >>> [apiv2][query] GET https://firestore.googleapis.com/v1/projects/startandconnect-c44b2/databases [none]
[debug] [2025-10-05T19:06:14.423Z] <<< [apiv2][status] GET https://firestore.googleapis.com/v1/projects/startandconnect-c44b2/databases 200
[debug] [2025-10-05T19:06:14.423Z] <<< [apiv2][body] GET https://firestore.googleapis.com/v1/projects/startandconnect-c44b2/databases {"databases":[{"name":"projects/startandconnect-c44b2/databases/appbase","uid":"56aacdbd-3e0b-4811-a6b2-0a5d905afd1b","createTime":"2025-09-02T18:32:32.974492Z","updateTime":"2025-09-02T18:32:32.974492Z","locationId":"eur3","type":"FIRESTORE_NATIVE","concurrencyMode":"PESSIMISTIC","versionRetentionPeriod":"3600s","earliestVersionTime":"2025-10-05T18:06:13.947917Z","appEngineIntegrationMode":"DISABLED","pointInTimeRecoveryEnablement":"POINT_IN_TIME_RECOVERY_DISABLED","deleteProtectionState":"DELETE_PROTECTION_DISABLED","databaseEdition":"STANDARD","freeTier":true,"realtimeUpdatesMode":"REALTIME_UPDATES_ENABLED","etag":"IMiAxrrgjZADMI3fuKD40I8D"}]}
[info] 
[info] Firestore Security Rules allow you to define how and when to allow
[info] requests. You can keep these rules in your project directory
[info] and publish them with firebase deploy.
[info] 
[debug] [2025-10-05T19:06:16.097Z] Checked if tokens are valid: true, expires at: 1759694758342
[debug] [2025-10-05T19:06:16.097Z] Checked if tokens are valid: true, expires at: 1759694758342
[debug] [2025-10-05T19:06:16.098Z] >>> [apiv2][query] GET https://firebaserules.googleapis.com/v1/projects/startandconnect-c44b2/releases pageSize=10&pageToken=
[debug] [2025-10-05T19:06:16.871Z] <<< [apiv2][status] GET https://firebaserules.googleapis.com/v1/projects/startandconnect-c44b2/releases 200
[debug] [2025-10-05T19:06:16.871Z] <<< [apiv2][body] GET https://firebaserules.googleapis.com/v1/projects/startandconnect-c44b2/releases {"releases":[{"name":"projects/startandconnect-c44b2/releases/cloud.firestore/appbase","rulesetName":"projects/startandconnect-c44b2/rulesets/15eb7b9f-e703-4c19-b6ab-9e5d704fdfe3","createTime":"2025-09-02T18:32:38.993112Z","updateTime":"2025-09-11T14:35:23.476156Z"}]}
[debug] [2025-10-05T19:06:16.872Z] Checked if tokens are valid: true, expires at: 1759694758342
[debug] [2025-10-05T19:06:16.872Z] Checked if tokens are valid: true, expires at: 1759694758342
[debug] [2025-10-05T19:06:16.873Z] >>> [apiv2][query] GET https://firebaserules.googleapis.com/v1/projects/startandconnect-c44b2/rulesets/15eb7b9f-e703-4c19-b6ab-9e5d704fdfe3 [none]
[debug] [2025-10-05T19:06:17.540Z] <<< [apiv2][status] GET https://firebaserules.googleapis.com/v1/projects/startandconnect-c44b2/rulesets/15eb7b9f-e703-4c19-b6ab-9e5d704fdfe3 200
[debug] [2025-10-05T19:06:17.540Z] <<< [apiv2][body] GET https://firebaserules.googleapis.com/v1/projects/startandconnect-c44b2/rulesets/15eb7b9f-e703-4c19-b6ab-9e5d704fdfe3 [omitted]
[info] i  Downloaded the existing Firestore Security Rules from the Firebase console 
[info] i  firestore.rules is unchanged 
[info] 
[info] Firestore indexes allow you to perform complex queries while
[info] maintaining performance that scales with the size of the result
[info] set. You can keep index definitions in your project directory
[info] and publish them with firebase deploy.
[info] 
[debug] [2025-10-05T19:06:18.903Z] Checked if tokens are valid: true, expires at: 1759694758342
[debug] [2025-10-05T19:06:18.903Z] Checked if tokens are valid: true, expires at: 1759694758342
[debug] [2025-10-05T19:06:18.904Z] Checked if tokens are valid: true, expires at: 1759694758342
[debug] [2025-10-05T19:06:18.904Z] Checked if tokens are valid: true, expires at: 1759694758342
[debug] [2025-10-05T19:06:18.904Z] >>> [apiv2][query] GET https://firestore.googleapis.com/v1/projects/startandconnect-c44b2/databases/appbase/collectionGroups/-/indexes [none]
[debug] [2025-10-05T19:06:18.905Z] >>> [apiv2][query] GET https://firestore.googleapis.com/v1/projects/startandconnect-c44b2/databases/appbase/collectionGroups/-/fields?filter=indexConfig.usesAncestorConfig=false OR ttlConfig:* [none]
[debug] [2025-10-05T19:06:19.142Z] <<< [apiv2][status] GET https://firestore.googleapis.com/v1/projects/startandconnect-c44b2/databases/appbase/collectionGroups/-/indexes 200
[debug] [2025-10-05T19:06:19.143Z] <<< [apiv2][body] GET https://firestore.googleapis.com/v1/projects/startandconnect-c44b2/databases/appbase/collectionGroups/-/indexes {}
[debug] [2025-10-05T19:06:19.194Z] <<< [apiv2][status] GET https://firestore.googleapis.com/v1/projects/startandconnect-c44b2/databases/appbase/collectionGroups/-/fields?filter=indexConfig.usesAncestorConfig=false OR ttlConfig:* 200
[debug] [2025-10-05T19:06:19.194Z] <<< [apiv2][body] GET https://firestore.googleapis.com/v1/projects/startandconnect-c44b2/databases/appbase/collectionGroups/-/fields?filter=indexConfig.usesAncestorConfig=false OR ttlConfig:* {"fields":[{"name":"projects/startandconnect-c44b2/databases/appbase/collectionGroups/__default__/fields/*","indexConfig":{"indexes":[{"queryScope":"COLLECTION","fields":[{"fieldPath":"*","order":"ASCENDING"}],"state":"READY"},{"queryScope":"COLLECTION","fields":[{"fieldPath":"*","order":"DESCENDING"}],"state":"READY"},{"queryScope":"COLLECTION","fields":[{"fieldPath":"*","arrayConfig":"CONTAINS"}],"state":"READY"}]}}]}
[info] i  Downloaded the existing Firestore indexes from the Firebase console 
[info] i  firestore.indexes.json is unchanged 
[info] +  Wrote firestore.indexes.json 
[info] 
=== Functions Setup
[debug] [2025-10-05T19:06:19.324Z] > command requires scopes: ["email","openid","https://www.googleapis.com/auth/cloudplatformprojects.readonly","https://www.googleapis.com/auth/firebase","https://www.googleapis.com/auth/cloud-platform"]
[debug] [2025-10-05T19:06:19.324Z] > authorizing via signed-in user (startandconnect@gmail.com)
[debug] [2025-10-05T19:06:19.324Z] [iam] checking project startandconnect-c44b2 for permissions ["firebase.projects.get"]
[debug] [2025-10-05T19:06:19.325Z] Checked if tokens are valid: true, expires at: 1759694758342
[debug] [2025-10-05T19:06:19.325Z] Checked if tokens are valid: true, expires at: 1759694758342
[debug] [2025-10-05T19:06:19.326Z] >>> [apiv2][query] POST https://cloudresourcemanager.googleapis.com/v1/projects/startandconnect-c44b2:testIamPermissions [none]
[debug] [2025-10-05T19:06:19.326Z] >>> [apiv2][(partial)header] POST https://cloudresourcemanager.googleapis.com/v1/projects/startandconnect-c44b2:testIamPermissions x-goog-quota-user=projects/startandconnect-c44b2
[debug] [2025-10-05T19:06:19.326Z] >>> [apiv2][body] POST https://cloudresourcemanager.googleapis.com/v1/projects/startandconnect-c44b2:testIamPermissions {"permissions":["firebase.projects.get"]}
[debug] [2025-10-05T19:06:19.553Z] <<< [apiv2][status] POST https://cloudresourcemanager.googleapis.com/v1/projects/startandconnect-c44b2:testIamPermissions 200
[debug] [2025-10-05T19:06:19.553Z] <<< [apiv2][body] POST https://cloudresourcemanager.googleapis.com/v1/projects/startandconnect-c44b2:testIamPermissions {"permissions":["firebase.projects.get"]}
[info] Let's create a new codebase for your functions.
[info] A directory corresponding to the codebase will be created in your project
[info] with sample code pre-configured.

[info] See https://firebase.google.com/docs/functions/organize-functions for
[info] more information on organizing your functions using codebases.

[info] Functions can be deployed with firebase deploy.

[info] i  functions/package.json is unchanged 
[info] i  functions/index.js is unchanged 
[info] i  functions/.gitignore is unchanged 
[info] 
=== App Hosting Setup
[debug] [2025-10-05T19:06:42.394Z] Checked if tokens are valid: true, expires at: 1759694758342
[debug] [2025-10-05T19:06:42.394Z] Checked if tokens are valid: true, expires at: 1759694758342
[debug] [2025-10-05T19:06:42.394Z] >>> [apiv2][query] POST https://iam.googleapis.com/v1/projects/startandconnect-c44b2/serviceAccounts/firebase-app-hosting-compute@startandconnect-c44b2.iam.gserviceaccount.com:testIamPermissions [none]
[debug] [2025-10-05T19:06:42.395Z] >>> [apiv2][(partial)header] POST https://iam.googleapis.com/v1/projects/startandconnect-c44b2/serviceAccounts/firebase-app-hosting-compute@startandconnect-c44b2.iam.gserviceaccount.com:testIamPermissions x-goog-quota-user=projects/startandconnect-c44b2
[debug] [2025-10-05T19:06:42.395Z] >>> [apiv2][body] POST https://iam.googleapis.com/v1/projects/startandconnect-c44b2/serviceAccounts/firebase-app-hosting-compute@startandconnect-c44b2.iam.gserviceaccount.com:testIamPermissions {"permissions":["iam.serviceAccounts.actAs"]}
[debug] [2025-10-05T19:06:43.106Z] <<< [apiv2][status] POST https://iam.googleapis.com/v1/projects/startandconnect-c44b2/serviceAccounts/firebase-app-hosting-compute@startandconnect-c44b2.iam.gserviceaccount.com:testIamPermissions 200
[debug] [2025-10-05T19:06:43.106Z] <<< [apiv2][body] POST https://iam.googleapis.com/v1/projects/startandconnect-c44b2/serviceAccounts/firebase-app-hosting-compute@startandconnect-c44b2.iam.gserviceaccount.com:testIamPermissions {"permissions":["iam.serviceAccounts.actAs"]}
[debug] [2025-10-05T19:06:43.107Z] Checked if tokens are valid: true, expires at: 1759694758342
[debug] [2025-10-05T19:06:43.108Z] Checked if tokens are valid: true, expires at: 1759694758342
[debug] [2025-10-05T19:06:43.108Z] >>> [apiv2][query] POST https://iam.googleapis.com/v1/projects/startandconnect-c44b2/serviceAccounts [none]
[debug] [2025-10-05T19:06:43.109Z] >>> [apiv2][body] POST https://iam.googleapis.com/v1/projects/startandconnect-c44b2/serviceAccounts {"accountId":"firebase-app-hosting-compute","serviceAccount":{"displayName":"Firebase App Hosting compute service account","description":"Default service account used to run builds and deploys for Firebase App Hosting"}}
[debug] [2025-10-05T19:06:43.519Z] <<< [apiv2][status] POST https://iam.googleapis.com/v1/projects/startandconnect-c44b2/serviceAccounts 409
[debug] [2025-10-05T19:06:43.520Z] <<< [apiv2][body] POST https://iam.googleapis.com/v1/projects/startandconnect-c44b2/serviceAccounts [omitted]
[debug] [2025-10-05T19:06:43.521Z] Checked if tokens are valid: true, expires at: 1759694758342
[debug] [2025-10-05T19:06:43.522Z] Checked if tokens are valid: true, expires at: 1759694758342
[debug] [2025-10-05T19:06:43.522Z] >>> [apiv2][query] POST https://cloudresourcemanager.googleapis.com/v1/projects/startandconnect-c44b2:getIamPolicy [none]
[debug] [2025-10-05T19:06:44.264Z] <<< [apiv2][status] POST https://cloudresourcemanager.googleapis.com/v1/projects/startandconnect-c44b2:getIamPolicy 200
[debug] [2025-10-05T19:06:44.264Z] <<< [apiv2][body] POST https://cloudresourcemanager.googleapis.com/v1/projects/startandconnect-c44b2:getIamPolicy {"version":1,"etag":"BwZAbQPXT8s=","bindings":[{"role":"roles/cloudaicompanion.serviceAgent","members":["serviceAccount:service-752455978145@gcp-sa-cloudaicompanion.iam.gserviceaccount.com"]},{"role":"roles/cloudbuild.builds.builder","members":["serviceAccount:752455978145@cloudbuild.gserviceaccount.com"]},{"role":"roles/cloudbuild.serviceAgent","members":["serviceAccount:service-752455978145@gcp-sa-cloudbuild.iam.gserviceaccount.com"]},{"role":"roles/cloudfunctions.serviceAgent","members":["serviceAccount:service-752455978145@gcf-admin-robot.iam.gserviceaccount.com"]},{"role":"roles/containerregistry.ServiceAgent","members":["serviceAccount:service-752455978145@containerregistry.iam.gserviceaccount.com"]},{"role":"roles/developerconnect.readTokenAccessor","members":["serviceAccount:firebase-app-hosting-compute@startandconnect-c44b2.iam.gserviceaccount.com"]},{"role":"roles/editor","members":["serviceAccount:752455978145-compute@developer.gserviceaccount.com","serviceAccount:startandconnect-c44b2@appspot.gserviceaccount.com"]},{"role":"roles/firebase.managementServiceAgent","members":["serviceAccount:service-752455978145@gcp-sa-firebase.iam.gserviceaccount.com"]},{"role":"roles/firebase.sdkAdminServiceAgent","members":["serviceAccount:firebase-adminsdk-fbsvc@startandconnect-c44b2.iam.gserviceaccount.com","serviceAccount:firebase-app-hosting-compute@startandconnect-c44b2.iam.gserviceaccount.com"]},{"role":"roles/firebaseappcheck.admin","members":["serviceAccount:firebase-adminsdk-fbsvc@startandconnect-c44b2.iam.gserviceaccount.com"]},{"role":"roles/firebaseapphosting.computeRunner","members":["serviceAccount:firebase-app-hosting-compute@startandconnect-c44b2.iam.gserviceaccount.com"]},{"role":"roles/firebaseauth.admin","members":["serviceAccount:firebase-adminsdk-fbsvc@startandconnect-c44b2.iam.gserviceaccount.com"]},{"role":"roles/firebaserules.system","members":["serviceAccount:service-752455978145@firebase-rules.iam.gserviceaccount.com"]},{"role":"roles/firestore.serviceAgent","members":["serviceAccount:service-752455978145@gcp-sa-firestore.iam.gserviceaccount.com"]},{"role":"roles/iam.serviceAccountTokenCreator","members":["serviceAccount:firebase-adminsdk-fbsvc@startandconnect-c44b2.iam.gserviceaccount.com"]},{"role":"roles/owner","members":["user:startandconnect@gmail.com"]},{"role":"roles/run.serviceAgent","members":["serviceAccount:service-752455978145@serverless-robot-prod.iam.gserviceaccount.com"]},{"role":"roles/storage.objectViewer","members":["serviceAccount:firebase-app-hosting-compute@startandconnect-c44b2.iam.gserviceaccount.com"]}]}
[debug] [2025-10-05T19:06:44.266Z] Checked if tokens are valid: true, expires at: 1759694758342
[debug] [2025-10-05T19:06:44.266Z] Checked if tokens are valid: true, expires at: 1759694758342
[debug] [2025-10-05T19:06:44.267Z] >>> [apiv2][query] POST https://cloudresourcemanager.googleapis.com/v1/projects/startandconnect-c44b2:setIamPolicy [none]
[debug] [2025-10-05T19:06:44.267Z] >>> [apiv2][body] POST https://cloudresourcemanager.googleapis.com/v1/projects/startandconnect-c44b2:setIamPolicy {"policy":{"version":1,"etag":"BwZAbQPXT8s=","bindings":[{"role":"roles/cloudaicompanion.serviceAgent","members":["serviceAccount:service-752455978145@gcp-sa-cloudaicompanion.iam.gserviceaccount.com"]},{"role":"roles/cloudbuild.builds.builder","members":["serviceAccount:752455978145@cloudbuild.gserviceaccount.com"]},{"role":"roles/cloudbuild.serviceAgent","members":["serviceAccount:service-752455978145@gcp-sa-cloudbuild.iam.gserviceaccount.com"]},{"role":"roles/cloudfunctions.serviceAgent","members":["serviceAccount:service-752455978145@gcf-admin-robot.iam.gserviceaccount.com"]},{"role":"roles/containerregistry.ServiceAgent","members":["serviceAccount:service-752455978145@containerregistry.iam.gserviceaccount.com"]},{"role":"roles/developerconnect.readTokenAccessor","members":["serviceAccount:firebase-app-hosting-compute@startandconnect-c44b2.iam.gserviceaccount.com"]},{"role":"roles/editor","members":["serviceAccount:752455978145-compute@developer.gserviceaccount.com","serviceAccount:startandconnect-c44b2@appspot.gserviceaccount.com"]},{"role":"roles/firebase.managementServiceAgent","members":["serviceAccount:service-752455978145@gcp-sa-firebase.iam.gserviceaccount.com"]},{"role":"roles/firebase.sdkAdminServiceAgent","members":["serviceAccount:firebase-adminsdk-fbsvc@startandconnect-c44b2.iam.gserviceaccount.com","serviceAccount:firebase-app-hosting-compute@startandconnect-c44b2.iam.gserviceaccount.com"]},{"role":"roles/firebaseappcheck.admin","members":["serviceAccount:firebase-adminsdk-fbsvc@startandconnect-c44b2.iam.gserviceaccount.com"]},{"role":"roles/firebaseapphosting.computeRunner","members":["serviceAccount:firebase-app-hosting-compute@startandconnect-c44b2.iam.gserviceaccount.com"]},{"role":"roles/firebaseauth.admin","members":["serviceAccount:firebase-adminsdk-fbsvc@startandconnect-c44b2.iam.gserviceaccount.com"]},{"role":"roles/firebaserules.system","members":["serviceAccount:service-752455978145@firebase-rules.iam.gserviceaccount.com"]},{"role":"roles/firestore.serviceAgent","members":["serviceAccount:service-752455978145@gcp-sa-firestore.iam.gserviceaccount.com"]},{"role":"roles/iam.serviceAccountTokenCreator","members":["serviceAccount:firebase-adminsdk-fbsvc@startandconnect-c44b2.iam.gserviceaccount.com"]},{"role":"roles/owner","members":["user:startandconnect@gmail.com"]},{"role":"roles/run.serviceAgent","members":["serviceAccount:service-752455978145@serverless-robot-prod.iam.gserviceaccount.com"]},{"role":"roles/storage.objectViewer","members":["serviceAccount:firebase-app-hosting-compute@startandconnect-c44b2.iam.gserviceaccount.com"]}]},"updateMask":"bindings"}
[debug] [2025-10-05T19:06:45.303Z] <<< [apiv2][status] POST https://cloudresourcemanager.googleapis.com/v1/projects/startandconnect-c44b2:setIamPolicy 200
[debug] [2025-10-05T19:06:45.304Z] <<< [apiv2][body] POST https://cloudresourcemanager.googleapis.com/v1/projects/startandconnect-c44b2:setIamPolicy {"version":1,"etag":"BwZAbgkserA=","bindings":[{"role":"roles/cloudaicompanion.serviceAgent","members":["serviceAccount:service-752455978145@gcp-sa-cloudaicompanion.iam.gserviceaccount.com"]},{"role":"roles/cloudbuild.builds.builder","members":["serviceAccount:752455978145@cloudbuild.gserviceaccount.com"]},{"role":"roles/cloudbuild.serviceAgent","members":["serviceAccount:service-752455978145@gcp-sa-cloudbuild.iam.gserviceaccount.com"]},{"role":"roles/cloudfunctions.serviceAgent","members":["serviceAccount:service-752455978145@gcf-admin-robot.iam.gserviceaccount.com"]},{"role":"roles/containerregistry.ServiceAgent","members":["serviceAccount:service-752455978145@containerregistry.iam.gserviceaccount.com"]},{"role":"roles/developerconnect.readTokenAccessor","members":["serviceAccount:firebase-app-hosting-compute@startandconnect-c44b2.iam.gserviceaccount.com"]},{"role":"roles/editor","members":["serviceAccount:752455978145-compute@developer.gserviceaccount.com","serviceAccount:startandconnect-c44b2@appspot.gserviceaccount.com"]},{"role":"roles/firebase.managementServiceAgent","members":["serviceAccount:service-752455978145@gcp-sa-firebase.iam.gserviceaccount.com"]},{"role":"roles/firebase.sdkAdminServiceAgent","members":["serviceAccount:firebase-adminsdk-fbsvc@startandconnect-c44b2.iam.gserviceaccount.com","serviceAccount:firebase-app-hosting-compute@startandconnect-c44b2.iam.gserviceaccount.com"]},{"role":"roles/firebaseappcheck.admin","members":["serviceAccount:firebase-adminsdk-fbsvc@startandconnect-c44b2.iam.gserviceaccount.com"]},{"role":"roles/firebaseapphosting.computeRunner","members":["serviceAccount:firebase-app-hosting-compute@startandconnect-c44b2.iam.gserviceaccount.com"]},{"role":"roles/firebaseauth.admin","members":["serviceAccount:firebase-adminsdk-fbsvc@startandconnect-c44b2.iam.gserviceaccount.com"]},{"role":"roles/firebaserules.system","members":["serviceAccount:service-752455978145@firebase-rules.iam.gserviceaccount.com"]},{"role":"roles/firestore.serviceAgent","members":["serviceAccount:service-752455978145@gcp-sa-firestore.iam.gserviceaccount.com"]},{"role":"roles/iam.serviceAccountTokenCreator","members":["serviceAccount:firebase-adminsdk-fbsvc@startandconnect-c44b2.iam.gserviceaccount.com"]},{"role":"roles/owner","members":["user:startandconnect@gmail.com"]},{"role":"roles/run.serviceAgent","members":["serviceAccount:service-752455978145@serverless-robot-prod.iam.gserviceaccount.com"]},{"role":"roles/storage.objectViewer","members":["serviceAccount:firebase-app-hosting-compute@startandconnect-c44b2.iam.gserviceaccount.com"]}]}
[info] i  This command links your local project to Firebase App Hosting. You will be able to deploy your web app with `firebase deploy` after setup. 
[debug] [2025-10-05T19:06:50.980Z] Checked if tokens are valid: true, expires at: 1759694758342
[debug] [2025-10-05T19:06:50.981Z] Checked if tokens are valid: true, expires at: 1759694758342
[debug] [2025-10-05T19:06:50.981Z] >>> [apiv2][query] GET https://firebaseapphosting.googleapis.com/v1beta/projects/startandconnect-c44b2/locations/-/backends 
[debug] [2025-10-05T19:06:57.541Z] <<< [apiv2][status] GET https://firebaseapphosting.googleapis.com/v1beta/projects/startandconnect-c44b2/locations/-/backends 200
[debug] [2025-10-05T19:06:57.541Z] <<< [apiv2][body] GET https://firebaseapphosting.googleapis.com/v1beta/projects/startandconnect-c44b2/locations/-/backends {}
[debug] [2025-10-05T19:18:53.256Z] ExitPromptError: User force closed the prompt with SIGINT
    at Interface.sigint (C:\Users\alehw\AppData\Roaming\npm\node_modules\firebase-tools\node_modules\@inquirer\core\dist\commonjs\lib\create-prompt.js:101:37)
    at Interface.emit (node:events:518:28)
    at Interface.emit (node:domain:489:12)
    at [_ttyWrite] [as _ttyWrite] (node:internal/readline/interface:1124:18)
    at ReadStream.onkeypress (node:internal/readline/interface:263:20)
    at ReadStream.emit (node:events:530:35)
    at ReadStream.emit (node:domain:489:12)
    at emitKeys (node:internal/readline/utils:370:14)
    at emitKeys.next (<anonymous>)
    at ReadStream.onData (node:internal/readline/emitKeypressEvents:64:36)
[error] 
[error] Error: An unexpected error has occurred.
